tv/build/intermediates/manifest_merge_blame_file/debug/processDebugMainManifest/manifest-merger-blame-debug-report.txt
1<?xml version="1.0" encoding="utf-8"?>
2<manifest xmlns:android="http://schemas.android.com/apk/res/android"
3    package="mx.edu.utng.bgma.smarthealthmonitor"
4    android:versionCode="1"
5    android:versionName="1.0" >
6
7    <uses-sdk
8        android:minSdkVersion="24"
9        android:targetSdkVersion="36" />
10
11    <uses-permission android:name="android.permission.INTERNET" />
11-->src\main\AndroidManifest.xml:4:5-67
11-->src\main\AndroidManifest.xml:4:22-64
12    <uses-permission android:name="android.permission.ACCESS_NETWORK_STATE" />
12-->src\main\AndroidManifest.xml:5:5-79
12-->src\main\AndroidManifest.xml:5:22-76
13
14    <!-- Declarar que es una app de TV -->
15    <uses-feature
15-->src\main\AndroidManifest.xml:8:5-10:35
16        android:name="android.software.leanback"
16-->src\main\AndroidManifest.xml:9:9-49
17        android:required="true" />
17-->src\main\AndroidManifest.xml:10:9-32
18
19    <!-- No requiere pantalla táctil -->
20    <uses-feature
20-->src\main\AndroidManifest.xml:13:5-15:36
21        android:name="android.hardware.touchscreen"
21-->src\main\AndroidManifest.xml:14:9-52
22        android:required="false" />
22-->src\main\AndroidManifest.xml:15:9-33
23    <!-- This permission is required to start foreground services in Android P. -->
24    <uses-permission android:name="android.permission.FOREGROUND_SERVICE" />
24-->[com.google.android.gms:play-services-cast-framework:22.0.0] AndroidManifest.xml:12:5-77
24-->[com.google.android.gms:play-services-cast-framework:22.0.0] AndroidManifest.xml:12:22-74
25
26    <queries>
26-->[com.google.android.gms:play-services-cast-framework:22.0.0] AndroidManifest.xml:14:5-16:15
27        <package android:name="com.google.android.gms.policy_cast_dynamite" />
27-->[com.google.android.gms:play-services-cast-framework:22.0.0] AndroidManifest.xml:15:9-79
27-->[com.google.android.gms:play-services-cast-framework:22.0.0] AndroidManifest.xml:15:18-76
28    </queries>
29
30    <permission
30-->[androidx.core:core:1.15.0] AndroidManifest.xml:22:5-24:47
31        android:name="mx.edu.utng.bgma.smarthealthmonitor.DYNAMIC_RECEIVER_NOT_EXPORTED_PERMISSION"
31-->[androidx.core:core:1.15.0] AndroidManifest.xml:23:9-81
32        android:protectionLevel="signature" />
32-->[androidx.core:core:1.15.0] AndroidManifest.xml:24:9-44
33
34    <uses-permission android:name="mx.edu.utng.bgma.smarthealthmonitor.DYNAMIC_RECEIVER_NOT_EXPORTED_PERMISSION" />
34-->[androidx.core:core:1.15.0] AndroidManifest.xml:26:5-97
34-->[androidx.core:core:1.15.0] AndroidManifest.xml:26:22-94
35
36    <application
36-->src\main\AndroidManifest.xml:17:5-51:19
37        android:name="mx.utng.smarthealthmonitor.tv.SmartHealthTVApplication"
37-->src\main\AndroidManifest.xml:18:9-49
38        android:allowBackup="true"
38-->src\main\AndroidManifest.xml:21:9-35
39        android:appComponentFactory="androidx.core.app.CoreComponentFactory"
39-->[androidx.core:core:1.15.0] AndroidManifest.xml:28:18-86
40        android:banner="@drawable/banner_tv"
40-->src\main\AndroidManifest.xml:20:9-45
41        android:debuggable="true"
42        android:extractNativeLibs="false"
43        android:icon="@mipmap/ic_launcher"
43-->src\main\AndroidManifest.xml:22:9-43
44        android:label="SmartHealth TV"
44-->src\main\AndroidManifest.xml:23:9-39
45        android:supportsRtl="true"
45-->src\main\AndroidManifest.xml:24:9-35
46        android:testOnly="true"
47        android:theme="@style/Theme.SmartHealthTV" >
47-->src\main\AndroidManifest.xml:19:9-51
48        <activity
48-->src\main\AndroidManifest.xml:26:9-34:20
49            android:name="mx.utng.smarthealthmonitor.tv.TVActivity"
49-->src\main\AndroidManifest.xml:27:13-39
50            android:exported="true"
50-->src\main\AndroidManifest.xml:28:13-36
51            android:label="SmartHealth TV" >
51-->src\main\AndroidManifest.xml:29:13-43
52            <intent-filter>
52-->src\main\AndroidManifest.xml:30:13-33:29
53                <action android:name="android.intent.action.MAIN" />
53-->src\main\AndroidManifest.xml:31:17-69
53-->src\main\AndroidManifest.xml:31:25-66
54
55                <category android:name="android.intent.category.LEANBACK_LAUNCHER" />
55-->src\main\AndroidManifest.xml:32:17-86
55-->src\main\AndroidManifest.xml:32:27-83
56            </intent-filter>
57        </activity>
58
59        <meta-data
59-->src\main\AndroidManifest.xml:36:9-38:83
60            android:name="com.google.android.gms.cast.framework.OPTIONS_PROVIDER_CLASS_NAME"
60-->src\main\AndroidManifest.xml:37:13-93
61            android:value="mx.utng.smarthealthmonitor.tv.TvCastOptionsProvider" />
61-->src\main\AndroidManifest.xml:38:13-80
62
63        <service
63-->src\main\AndroidManifest.xml:40:9-50:19
64            android:name="mx.utng.smarthealthmonitor.tv.TvWearListenerService"
64-->src\main\AndroidManifest.xml:41:13-50
65            android:exported="true" >
65-->src\main\AndroidManifest.xml:42:13-36
66            <intent-filter>
66-->src\main\AndroidManifest.xml:43:13-49:29
67                <action android:name="com.google.android.gms.wearable.MESSAGE_RECEIVED" />
67-->src\main\AndroidManifest.xml:44:17-91
67-->src\main\AndroidManifest.xml:44:25-88
68
69                <data
69-->src\main\AndroidManifest.xml:45:17-48:64
70                    android:host="*"
70-->src\main\AndroidManifest.xml:46:21-37
71                    android:pathPrefix="/smarthealthmonitor"
71-->src\main\AndroidManifest.xml:48:21-61
72                    android:scheme="wear" />
72-->src\main\AndroidManifest.xml:47:21-42
73            </intent-filter>
74        </service>
75
76        <receiver
76-->[com.google.android.gms:play-services-cast-framework:22.0.0] AndroidManifest.xml:19:9-21:40
77            android:name="com.google.android.gms.cast.framework.media.MediaIntentReceiver"
77-->[com.google.android.gms:play-services-cast-framework:22.0.0] AndroidManifest.xml:20:13-91
78            android:exported="false" />
78-->[com.google.android.gms:play-services-cast-framework:22.0.0] AndroidManifest.xml:21:13-37
79
80        <service
80-->[com.google.android.gms:play-services-cast-framework:22.0.0] AndroidManifest.xml:23:9-25:40
81            android:name="com.google.android.gms.cast.framework.ReconnectionService"
81-->[com.google.android.gms:play-services-cast-framework:22.0.0] AndroidManifest.xml:24:13-85
82            android:exported="false" />
82-->[com.google.android.gms:play-services-cast-framework:22.0.0] AndroidManifest.xml:25:13-37
83
84        <activity
84-->[com.google.android.gms:play-services-base:18.5.0] AndroidManifest.xml:5:9-173
85            android:name="com.google.android.gms.common.api.GoogleApiActivity"
85-->[com.google.android.gms:play-services-base:18.5.0] AndroidManifest.xml:5:19-85
86            android:exported="false"
86-->[com.google.android.gms:play-services-base:18.5.0] AndroidManifest.xml:5:146-170
87            android:theme="@android:style/Theme.Translucent.NoTitleBar" />
87-->[com.google.android.gms:play-services-base:18.5.0] AndroidManifest.xml:5:86-145
88
89        <meta-data
89-->[com.google.android.gms:play-services-basement:18.9.0] AndroidManifest.xml:21:9-23:69
90            android:name="com.google.android.gms.version"
90-->[com.google.android.gms:play-services-basement:18.9.0] AndroidManifest.xml:22:13-58
91            android:value="@integer/google_play_services_version" />
91-->[com.google.android.gms:play-services-basement:18.9.0] AndroidManifest.xml:23:13-66
92
93        <provider
93-->[androidx.emoji2:emoji2:1.4.0] AndroidManifest.xml:24:9-32:20
94            android:name="androidx.startup.InitializationProvider"
94-->[androidx.emoji2:emoji2:1.4.0] AndroidManifest.xml:25:13-67
95            android:authorities="mx.edu.utng.bgma.smarthealthmonitor.androidx-startup"
95-->[androidx.emoji2:emoji2:1.4.0] AndroidManifest.xml:26:13-68
96            android:exported="false" >
96-->[androidx.emoji2:emoji2:1.4.0] AndroidManifest.xml:27:13-37
97            <meta-data
97-->[androidx.emoji2:emoji2:1.4.0] AndroidManifest.xml:29:13-31:52
98                android:name="androidx.emoji2.text.EmojiCompatInitializer"
98-->[androidx.emoji2:emoji2:1.4.0] AndroidManifest.xml:30:17-75
99                android:value="androidx.startup" />
99-->[androidx.emoji2:emoji2:1.4.0] AndroidManifest.xml:31:17-49
100            <meta-data
100-->[androidx.lifecycle:lifecycle-process:2.9.4] AndroidManifest.xml:29:13-31:52
101                android:name="androidx.lifecycle.ProcessLifecycleInitializer"
101-->[androidx.lifecycle:lifecycle-process:2.9.4] AndroidManifest.xml:30:17-78
102                android:value="androidx.startup" />
102-->[androidx.lifecycle:lifecycle-process:2.9.4] AndroidManifest.xml:31:17-49
103            <meta-data
103-->[androidx.profileinstaller:profileinstaller:1.4.0] AndroidManifest.xml:29:13-31:52
104                android:name="androidx.profileinstaller.ProfileInstallerInitializer"
104-->[androidx.profileinstaller:profileinstaller:1.4.0] AndroidManifest.xml:30:17-85
105                android:value="androidx.startup" />
105-->[androidx.profileinstaller:profileinstaller:1.4.0] AndroidManifest.xml:31:17-49
106        </provider>
107
108        <service
108-->[androidx.room:room-runtime:2.6.1] AndroidManifest.xml:24:9-28:63
109            android:name="androidx.room.MultiInstanceInvalidationService"
109-->[androidx.room:room-runtime:2.6.1] AndroidManifest.xml:25:13-74
110            android:directBootAware="true"
110-->[androidx.room:room-runtime:2.6.1] AndroidManifest.xml:26:13-43
111            android:exported="false" />
111-->[androidx.room:room-runtime:2.6.1] AndroidManifest.xml:27:13-37
112
113        <receiver
113-->[androidx.profileinstaller:profileinstaller:1.4.0] AndroidManifest.xml:34:9-52:20
114            android:name="androidx.profileinstaller.ProfileInstallReceiver"
114-->[androidx.profileinstaller:profileinstaller:1.4.0] AndroidManifest.xml:35:13-76
115            android:directBootAware="false"
115-->[androidx.profileinstaller:profileinstaller:1.4.0] AndroidManifest.xml:36:13-44
116            android:enabled="true"
116-->[androidx.profileinstaller:profileinstaller:1.4.0] AndroidManifest.xml:37:13-35
117            android:exported="true"
117-->[androidx.profileinstaller:profileinstaller:1.4.0] AndroidManifest.xml:38:13-36
118            android:permission="android.permission.DUMP" >
118-->[androidx.profileinstaller:profileinstaller:1.4.0] AndroidManifest.xml:39:13-57
119            <intent-filter>
119-->[androidx.profileinstaller:profileinstaller:1.4.0] AndroidManifest.xml:40:13-42:29
120                <action android:name="androidx.profileinstaller.action.INSTALL_PROFILE" />
120-->[androidx.profileinstaller:profileinstaller:1.4.0] AndroidManifest.xml:41:17-91
120-->[androidx.profileinstaller:profileinstaller:1.4.0] AndroidManifest.xml:41:25-88
121            </intent-filter>
122            <intent-filter>
122-->[androidx.profileinstaller:profileinstaller:1.4.0] AndroidManifest.xml:43:13-45:29
123                <action android:name="androidx.profileinstaller.action.SKIP_FILE" />
123-->[androidx.profileinstaller:profileinstaller:1.4.0] AndroidManifest.xml:44:17-85
123-->[androidx.profileinstaller:profileinstaller:1.4.0] AndroidManifest.xml:44:25-82
124            </intent-filter>
125            <intent-filter>
125-->[androidx.profileinstaller:profileinstaller:1.4.0] AndroidManifest.xml:46:13-48:29
126                <action android:name="androidx.profileinstaller.action.SAVE_PROFILE" />
126-->[androidx.profileinstaller:profileinstaller:1.4.0] AndroidManifest.xml:47:17-88
126-->[androidx.profileinstaller:profileinstaller:1.4.0] AndroidManifest.xml:47:25-85
127            </intent-filter>
128            <intent-filter>
128-->[androidx.profileinstaller:profileinstaller:1.4.0] AndroidManifest.xml:49:13-51:29
129                <action android:name="androidx.profileinstaller.action.BENCHMARK_OPERATION" />
129-->[androidx.profileinstaller:profileinstaller:1.4.0] AndroidManifest.xml:50:17-95
129-->[androidx.profileinstaller:profileinstaller:1.4.0] AndroidManifest.xml:50:25-92
130            </intent-filter>
131        </receiver>
132
133        <service
133-->[com.google.android.datatransport:transport-backend-cct:3.1.3] AndroidManifest.xml:29:9-35:19
134            android:name="com.google.android.datatransport.runtime.backends.TransportBackendDiscovery"
134-->[com.google.android.datatransport:transport-backend-cct:3.1.3] AndroidManifest.xml:30:13-103
135            android:exported="false" >
135-->[com.google.android.datatransport:transport-backend-cct:3.1.3] AndroidManifest.xml:31:13-37
136            <meta-data
136-->[com.google.android.datatransport:transport-backend-cct:3.1.3] AndroidManifest.xml:32:13-34:39
137                android:name="backend:com.google.android.datatransport.cct.CctBackendFactory"
137-->[com.google.android.datatransport:transport-backend-cct:3.1.3] AndroidManifest.xml:33:17-94
138                android:value="cct" />
138-->[com.google.android.datatransport:transport-backend-cct:3.1.3] AndroidManifest.xml:34:17-36
139        </service>
140        <service
140-->[com.google.android.datatransport:transport-runtime:3.1.3] AndroidManifest.xml:26:9-30:19
141            android:name="com.google.android.datatransport.runtime.scheduling.jobscheduling.JobInfoSchedulerService"
141-->[com.google.android.datatransport:transport-runtime:3.1.3] AndroidManifest.xml:27:13-117
142            android:exported="false"
142-->[com.google.android.datatransport:transport-runtime:3.1.3] AndroidManifest.xml:28:13-37
143            android:permission="android.permission.BIND_JOB_SERVICE" >
143-->[com.google.android.datatransport:transport-runtime:3.1.3] AndroidManifest.xml:29:13-69
144        </service>
145
146        <receiver
146-->[com.google.android.datatransport:transport-runtime:3.1.3] AndroidManifest.xml:32:9-34:40
147            android:name="com.google.android.datatransport.runtime.scheduling.jobscheduling.AlarmManagerSchedulerBroadcastReceiver"
147-->[com.google.android.datatransport:transport-runtime:3.1.3] AndroidManifest.xml:33:13-132
148            android:exported="false" />
148-->[com.google.android.datatransport:transport-runtime:3.1.3] AndroidManifest.xml:34:13-37
149    </application>
150
151</manifest>